#
# There is insufficient memory for the Java Runtime Environment to continue.
# Native memory allocation (malloc) failed to allocate 32744 bytes for ChunkPool::allocate
# Possible reasons:
#   The system is out of physical RAM or swap space
#   In 32 bit mode, the process size limit was hit
# Possible solutions:
#   Reduce memory load on the system
#   Increase physical memory or swap space
#   Check if swap backing store is full
#   Use 64 bit Java on a 64 bit OS
#   Decrease Java heap size (-Xmx/-Xms)
#   Decrease number of Java threads
#   Decrease Java thread stack sizes (-Xss)
#   Set larger code cache with -XX:ReservedCodeCacheSize=
# This output file may be truncated or incomplete.
#
#  Out of Memory Error (allocation.cpp:273), pid=604, tid=0x0000000000005778
#
# JRE version: Java(TM) SE Runtime Environment (8.0_172-b11) (build 1.8.0_172-b11)
# Java VM: Java HotSpot(TM) 64-Bit Server VM (25.172-b11 mixed mode windows-amd64 compressed oops)
# Failed to write core dump. Minidumps are not enabled by default on client versions of Windows
#

---------------  T H R E A D  ---------------

Current thread (0x000000001851d000):  JavaThread "C2 CompilerThread0" daemon [_thread_in_native, id=22392, stack(0x0000000019a20000,0x0000000019b20000)]

Stack: [0x0000000019a20000,0x0000000019b20000]
[error occurred during error reporting (printing stack bounds), id 0xc0000005]

Native frames: (J=compiled Java code, j=interpreted, Vv=VM code, C=native code)


Current CompileTask:
C2:   5655 3576   !   4       org.springframework.core.annotation.AnnotatedElementUtils::searchWithFindSemantics (785 bytes)


---------------  P R O C E S S  ---------------

Java Threads: ( => current thread )
  0x000000001de50000 JavaThread "Abandoned connection cleanup thread" daemon [_thread_blocked, id=22732, stack(0x0000000021a80000,0x0000000021b80000)]
  0x000000001d3a7000 JavaThread "container-0" [_thread_blocked, id=22728, stack(0x0000000021640000,0x0000000021740000)]
  0x000000001d152000 JavaThread "ContainerBackgroundProcessor[StandardEngine[Tomcat]]" daemon [_thread_blocked, id=22724, stack(0x0000000021540000,0x0000000021640000)]
  0x000000001f9f3800 JavaThread "localhost-startStop-1" daemon [_thread_blocked, id=22688, stack(0x000000001ff80000,0x0000000020080000)]
  0x000000001b987000 JavaThread "Tomcat-startStop-1" daemon [_thread_blocked, id=22676, stack(0x000000001fe80000,0x000000001ff80000)]
  0x0000000019ba7000 JavaThread "Service Thread" daemon [_thread_blocked, id=20860, stack(0x000000001a120000,0x000000001a220000)]
  0x0000000019b2a800 JavaThread "C1 CompilerThread2" daemon [_thread_in_native, id=22432, stack(0x000000001a020000,0x000000001a120000)]
  0x0000000019b21800 JavaThread "C2 CompilerThread1" daemon [_thread_in_native, id=9244, stack(0x0000000019f20000,0x000000001a020000)]
=>0x000000001851d000 JavaThread "C2 CompilerThread0" daemon [_thread_in_native, id=22392, stack(0x0000000019a20000,0x0000000019b20000)]
  0x000000001851b800 JavaThread "Attach Listener" daemon [_thread_blocked, id=22376, stack(0x0000000019920000,0x0000000019a20000)]
  0x000000001851b000 JavaThread "Signal Dispatcher" daemon [_thread_blocked, id=22404, stack(0x0000000019820000,0x0000000019920000)]
  0x00000000184b0800 JavaThread "Finalizer" daemon [_thread_blocked, id=20136, stack(0x0000000019720000,0x0000000019820000)]
  0x0000000018489000 JavaThread "Reference Handler" daemon [_thread_blocked, id=17956, stack(0x0000000019620000,0x0000000019720000)]
  0x000000000383a000 JavaThread "main" [_thread_in_vm, id=21744, stack(0x0000000003730000,0x0000000003830000)]

Other Threads:
  0x0000000018487000 VMThread [stack: 0x0000000019520000,0x0000000019620000] [id=22300]
  0x0000000019bd4000 WatcherThread [stack: 0x000000001a220000,0x000000001a320000] [id=19928]

VM state:not at safepoint (normal execution)

VM Mutex/Monitor currently owned by a thread: None

Heap:
 PSYoungGen      total 178688K, used 23830K [0x00000000d5b00000, 0x00000000e3800000, 0x0000000100000000)
  eden space 167424K, 14% used [0x00000000d5b00000,0x00000000d72458f0,0x00000000dfe80000)
  from space 11264K, 0% used [0x00000000e0d00000,0x00000000e0d00000,0x00000000e1800000)
  to   space 14848K, 0% used [0x00000000dfe80000,0x00000000dfe80000,0x00000000e0d00000)
 ParOldGen       total 53760K, used 20290K [0x0000000081000000, 0x0000000084480000, 0x00000000d5b00000)
  object space 53760K, 37% used [0x0000000081000000,0x00000000823d0838,0x0000000084480000)
 Metaspace       used 36929K, capacity 38224K, committed 38488K, reserved 1083392K
  class space    used 4911K, capacity 5164K, committed 5248K, reserved 1048576K

Card table byte_map: [0x0000000012cf0000,0x00000000130f0000] byte_map_base: 0x00000000128e8000

Marking Bits: (ParMarkBitMap*) 0x00000000630e3c10
 Begin Bits: [0x00000000137a0000, 0x0000000015760000)
 End Bits:   [0x0000000015760000, 0x0000000017720000)

Polling page: 0x0000000000ff0000

CodeCache: size=245760Kb used=12205Kb max_used=13397Kb free=233554Kb
 bounds [0x0000000003930000, 0x0000000004660000, 0x0000000012930000]
 total_blobs=3676 nmethods=3266 adapters=321
 compilation: enabled

Compilation events (10 events):
Event: 5.604 Thread 0x0000000019b2a800 3627       1       java.lang.invoke.MethodHandle::internalForm (5 bytes)
Event: 5.604 Thread 0x0000000019b2a800 nmethod 3627 0x0000000003c61750 code [0x0000000003c618a0, 0x0000000003c619b0]
Event: 5.604 Thread 0x0000000019b2a800 3628       1       java.lang.invoke.SimpleMethodHandle::fieldCount (2 bytes)
Event: 5.605 Thread 0x0000000019b2a800 nmethod 3628 0x0000000003adafd0 code [0x0000000003adb120, 0x0000000003adb230]
Event: 5.611 Thread 0x0000000019b21800 3629   !   4       java.net.URLClassLoader::findClass (47 bytes)
Event: 5.613 Thread 0x0000000019b21800 nmethod 3629 0x0000000003a950d0 code [0x0000000003a95260, 0x0000000003a95458]
Event: 5.620 Thread 0x0000000019b21800 3630   !   4       java.net.URL::<init> (543 bytes)
Event: 5.638 Thread 0x0000000019b2a800 3631       3       ch.qos.logback.core.pattern.Converter::write (11 bytes)
Event: 5.639 Thread 0x0000000019b2a800 nmethod 3631 0x0000000003a59f50 code [0x0000000003a5a0c0, 0x0000000003a5a3f8]
Event: 5.639 Thread 0x0000000019b2a800 3632       3       ch.qos.logback.core.pattern.LiteralConverter::convert (5 bytes)

GC Heap History (10 events):
Event: 1.313 GC heap before
{Heap before GC invocations=6 (full 1):
 PSYoungGen      total 71680K, used 5110K [0x00000000d5b00000, 0x00000000def00000, 0x0000000100000000)
  eden space 66560K, 0% used [0x00000000d5b00000,0x00000000d5b00000,0x00000000d9c00000)
  from space 5120K, 99% used [0x00000000d9c00000,0x00000000da0fda48,0x00000000da100000)
  to   space 9216K, 0% used [0x00000000de600000,0x00000000de600000,0x00000000def00000)
 ParOldGen       total 87552K, used 6385K [0x0000000081000000, 0x0000000086580000, 0x00000000d5b00000)
  object space 87552K, 7% used [0x0000000081000000,0x000000008163c5d8,0x0000000086580000)
 Metaspace       used 20645K, capacity 21148K, committed 21248K, reserved 1067008K
  class space    used 2654K, capacity 2792K, committed 2816K, reserved 1048576K
Event: 1.341 GC heap after
Heap after GC invocations=6 (full 1):
 PSYoungGen      total 71680K, used 0K [0x00000000d5b00000, 0x00000000def00000, 0x0000000100000000)
  eden space 66560K, 0% used [0x00000000d5b00000,0x00000000d5b00000,0x00000000d9c00000)
  from space 5120K, 0% used [0x00000000d9c00000,0x00000000d9c00000,0x00000000da100000)
  to   space 9216K, 0% used [0x00000000de600000,0x00000000de600000,0x00000000def00000)
 ParOldGen       total 53760K, used 5670K [0x0000000081000000, 0x0000000084480000, 0x00000000d5b00000)
  object space 53760K, 10% used [0x0000000081000000,0x00000000815899a8,0x0000000084480000)
 Metaspace       used 20645K, capacity 21148K, committed 21248K, reserved 1067008K
  class space    used 2654K, capacity 2792K, committed 2816K, reserved 1048576K
}
Event: 1.781 GC heap before
{Heap before GC invocations=7 (full 1):
 PSYoungGen      total 71680K, used 66560K [0x00000000d5b00000, 0x00000000def00000, 0x0000000100000000)
  eden space 66560K, 100% used [0x00000000d5b00000,0x00000000d9c00000,0x00000000d9c00000)
  from space 5120K, 0% used [0x00000000d9c00000,0x00000000d9c00000,0x00000000da100000)
  to   space 9216K, 0% used [0x00000000de600000,0x00000000de600000,0x00000000def00000)
 ParOldGen       total 53760K, used 5679K [0x0000000081000000, 0x0000000084480000, 0x00000000d5b00000)
  object space 53760K, 10% used [0x0000000081000000,0x000000008158be00,0x0000000084480000)
 Metaspace       used 23634K, capacity 24314K, committed 24448K, reserved 1071104K
  class space    used 3005K, capacity 3189K, committed 3200K, reserved 1048576K
Event: 1.787 GC heap after
Heap after GC invocations=7 (full 1):
 PSYoungGen      total 113152K, used 4207K [0x00000000d5b00000, 0x00000000dea80000, 0x0000000100000000)
  eden space 108544K, 0% used [0x00000000d5b00000,0x00000000d5b00000,0x00000000dc500000)
  from space 4608K, 91% used [0x00000000de600000,0x00000000dea1bcc8,0x00000000dea80000)
  to   space 9216K, 0% used [0x00000000dd880000,0x00000000dd880000,0x00000000de180000)
 ParOldGen       total 53760K, used 5751K [0x0000000081000000, 0x0000000084480000, 0x00000000d5b00000)
  object space 53760K, 10% used [0x0000000081000000,0x000000008159de10,0x0000000084480000)
 Metaspace       used 23634K, capacity 24314K, committed 24448K, reserved 1071104K
  class space    used 3005K, capacity 3189K, committed 3200K, reserved 1048576K
}
Event: 3.772 GC heap before
{Heap before GC invocations=8 (full 1):
 PSYoungGen      total 113152K, used 112751K [0x00000000d5b00000, 0x00000000dea80000, 0x0000000100000000)
  eden space 108544K, 100% used [0x00000000d5b00000,0x00000000dc500000,0x00000000dc500000)
  from space 4608K, 91% used [0x00000000de600000,0x00000000dea1bcc8,0x00000000dea80000)
  to   space 9216K, 0% used [0x00000000dd880000,0x00000000dd880000,0x00000000de180000)
 ParOldGen       total 53760K, used 5751K [0x0000000081000000, 0x0000000084480000, 0x00000000d5b00000)
  object space 53760K, 10% used [0x0000000081000000,0x000000008159de10,0x0000000084480000)
 Metaspace       used 29401K, capacity 30600K, committed 30720K, reserved 1075200K
  class space    used 3782K, capacity 4038K, committed 4096K, reserved 1048576K
Event: 3.783 GC heap after
Heap after GC invocations=8 (full 1):
 PSYoungGen      total 137728K, used 9212K [0x00000000d5b00000, 0x00000000e1800000, 0x0000000100000000)
  eden space 128512K, 0% used [0x00000000d5b00000,0x00000000d5b00000,0x00000000dd880000)
  from space 9216K, 99% used [0x00000000dd880000,0x00000000de17f220,0x00000000de180000)
  to   space 11264K, 0% used [0x00000000e0d00000,0x00000000e0d00000,0x00000000e1800000)
 ParOldGen       total 53760K, used 7290K [0x0000000081000000, 0x0000000084480000, 0x00000000d5b00000)
  object space 53760K, 13% used [0x0000000081000000,0x000000008171e9b8,0x0000000084480000)
 Metaspace       used 29401K, capacity 30600K, committed 30720K, reserved 1075200K
  class space    used 3782K, capacity 4038K, committed 4096K, reserved 1048576K
}
Event: 5.321 GC heap before
{Heap before GC invocations=9 (full 1):
 PSYoungGen      total 137728K, used 108798K [0x00000000d5b00000, 0x00000000e1800000, 0x0000000100000000)
  eden space 128512K, 77% used [0x00000000d5b00000,0x00000000dbc40930,0x00000000dd880000)
  from space 9216K, 99% used [0x00000000dd880000,0x00000000de17f220,0x00000000de180000)
  to   space 11264K, 0% used [0x00000000e0d00000,0x00000000e0d00000,0x00000000e1800000)
 ParOldGen       total 53760K, used 7290K [0x0000000081000000, 0x0000000084480000, 0x00000000d5b00000)
  object space 53760K, 13% used [0x0000000081000000,0x000000008171e9b8,0x0000000084480000)
 Metaspace       used 34027K, capacity 35310K, committed 35416K, reserved 1079296K
  class space    used 4363K, capacity 4641K, committed 4736K, reserved 1048576K
Event: 5.338 GC heap after
Heap after GC invocations=9 (full 1):
 PSYoungGen      total 178688K, used 11262K [0x00000000d5b00000, 0x00000000e3800000, 0x0000000100000000)
  eden space 167424K, 0% used [0x00000000d5b00000,0x00000000d5b00000,0x00000000dfe80000)
  from space 11264K, 99% used [0x00000000e0d00000,0x00000000e17ffbf8,0x00000000e1800000)
  to   space 14848K, 0% used [0x00000000dfe80000,0x00000000dfe80000,0x00000000e0d00000)
 ParOldGen       total 53760K, used 11960K [0x0000000081000000, 0x0000000084480000, 0x00000000d5b00000)
  object space 53760K, 22% used [0x0000000081000000,0x0000000081bae318,0x0000000084480000)
 Metaspace       used 34027K, capacity 35310K, committed 35416K, reserved 1079296K
  class space    used 4363K, capacity 4641K, committed 4736K, reserved 1048576K
}
Event: 5.338 GC heap before
{Heap before GC invocations=10 (full 2):
 PSYoungGen      total 178688K, used 11262K [0x00000000d5b00000, 0x00000000e3800000, 0x0000000100000000)
  eden space 167424K, 0% used [0x00000000d5b00000,0x00000000d5b00000,0x00000000dfe80000)
  from space 11264K, 99% used [0x00000000e0d00000,0x00000000e17ffbf8,0x00000000e1800000)
  to   space 14848K, 0% used [0x00000000dfe80000,0x00000000dfe80000,0x00000000e0d00000)
 ParOldGen       total 53760K, used 11960K [0x0000000081000000, 0x0000000084480000, 0x00000000d5b00000)
  object space 53760K, 22% used [0x0000000081000000,0x0000000081bae318,0x0000000084480000)
 Metaspace       used 34027K, capacity 35310K, committed 35416K, reserved 1079296K
  class space    used 4363K, capacity 4641K, committed 4736K, reserved 1048576K
Event: 5.420 GC heap after
Heap after GC invocations=10 (full 2):
 PSYoungGen      total 178688K, used 0K [0x00000000d5b00000, 0x00000000e3800000, 0x0000000100000000)
  eden space 167424K, 0% used [0x00000000d5b00000,0x00000000d5b00000,0x00000000dfe80000)
  from space 11264K, 0% used [0x00000000e0d00000,0x00000000e0d00000,0x00000000e1800000)
  to   space 14848K, 0% used [0x00000000dfe80000,0x00000000dfe80000,0x00000000e0d00000)
 ParOldGen       total 53760K, used 20290K [0x0000000081000000, 0x0000000084480000, 0x00000000d5b00000)
  object space 53760K, 37% used [0x0000000081000000,0x00000000823d0838,0x0000000084480000)
 Metaspace       used 34027K, capacity 35310K, committed 35416K, reserved 1079296K
  class space    used 4363K, capacity 4641K, committed 4736K, reserved 1048576K
}

Deoptimization events (10 events):
Event: 4.775 Thread 0x000000000383a000 Uncommon trap: reason=unstable_if action=reinterpret pc=0x000000000402f7b4 method=org.springframework.util.ObjectUtils.nullSafeEquals(Ljava/lang/Object;Ljava/lang/Object;)Z @ 8
Event: 4.776 Thread 0x000000000383a000 Uncommon trap: reason=unstable_if action=reinterpret pc=0x000000000442e9f0 method=org.springframework.boot.context.properties.source.ConfigurationPropertyName.equals(Ljava/lang/Object;)Z @ 8
Event: 4.807 Thread 0x000000000383a000 Uncommon trap: reason=unstable_if action=reinterpret pc=0x0000000003b64a80 method=java.lang.AbstractStringBuilder.append(Ljava/lang/String;)Ljava/lang/AbstractStringBuilder; @ 1
Event: 4.827 Thread 0x000000000383a000 Uncommon trap: reason=unstable_if action=reinterpret pc=0x000000000444c8a0 method=java.util.concurrent.ConcurrentHashMap.get(Ljava/lang/Object;)Ljava/lang/Object; @ 152
Event: 4.829 Thread 0x000000001de50000 Uncommon trap: reason=unstable_if action=reinterpret pc=0x000000000450d650 method=java.net.URL.<init>(Ljava/net/URL;Ljava/lang/String;Ljava/net/URLStreamHandler;)V @ 57
Event: 4.829 Thread 0x000000001de50000 Uncommon trap: reason=unstable_if action=reinterpret pc=0x000000000457de80 method=java.net.URLStreamHandler.parseURL(Ljava/net/URL;Ljava/lang/String;II)V @ 57
Event: 4.875 Thread 0x000000000383a000 Uncommon trap: reason=bimorphic action=maybe_recompile pc=0x000000000437e788 method=java.util.Collections$SetFromMap.contains(Ljava/lang/Object;)Z @ 5
Event: 5.148 Thread 0x000000000383a000 Uncommon trap: reason=null_check action=make_not_entrant pc=0x000000000461fb0c method=org.springframework.core.annotation.AnnotatedElementUtils.searchWithGetSemanticsInAnnotations(Ljava/lang/reflect/AnnotatedElement;Ljava/util/List;Ljava/lang/Class;Ljava/
Event: 5.168 Thread 0x000000000383a000 Uncommon trap: reason=null_check action=make_not_entrant pc=0x0000000004638700 method=org.springframework.core.annotation.AnnotatedElementUtils.searchWithFindSemantics(Ljava/lang/reflect/AnnotatedElement;Ljava/lang/Class;Ljava/lang/String;Ljava/lang/Class
Event: 5.535 Thread 0x000000000383a000 Uncommon trap: reason=unstable_if action=reinterpret pc=0x0000000003e11210 method=java.lang.ClassLoader.getClassLoadingLock(Ljava/lang/String;)Ljava/lang/Object; @ 6

Classes redefined (0 events):
No events

Internal exceptions (10 events):
Event: 5.217 Thread 0x000000000383a000 Exception <a 'java/lang/ClassNotFoundException': org/springframework/context/ResourceLoaderAwareCustomizer> (0x00000000db68e7e0) thrown at [C:\re\workspace\8-2-build-windows-amd64-cygwin\jdk8u172\10810\hotspot\src\share\vm\classfile\systemDictionary.cpp, 
Event: 5.218 Thread 0x000000000383a000 Exception <a 'java/lang/ClassNotFoundException': org/springframework/context/weaving/LoadTimeWeaverAwareCustomizer> (0x00000000db6aa920) thrown at [C:\re\workspace\8-2-build-windows-amd64-cygwin\jdk8u172\10810\hotspot\src\share\vm\classfile\systemDictiona
Event: 5.218 Thread 0x000000000383a000 Exception <a 'java/lang/ClassNotFoundException': org/springframework/beans/factory/FactoryBeanCustomizer> (0x00000000db6c4080) thrown at [C:\re\workspace\8-2-build-windows-amd64-cygwin\jdk8u172\10810\hotspot\src\share\vm\classfile\systemDictionary.cpp, li
Event: 5.219 Thread 0x000000000383a000 Exception <a 'java/lang/ClassNotFoundException': org/springframework/beans/factory/BeanClassLoaderAwareCustomizer> (0x00000000db6e3f70) thrown at [C:\re\workspace\8-2-build-windows-amd64-cygwin\jdk8u172\10810\hotspot\src\share\vm\classfile\systemDictionar
Event: 5.219 Thread 0x000000000383a000 Exception <a 'java/lang/ClassNotFoundException': org/springframework/beans/factory/BeanFactoryAwareCustomizer> (0x00000000db6febf8) thrown at [C:\re\workspace\8-2-build-windows-amd64-cygwin\jdk8u172\10810\hotspot\src\share\vm\classfile\systemDictionary.cp
Event: 5.219 Thread 0x000000000383a000 Exception <a 'java/lang/ClassNotFoundException': org/springframework/beans/factory/BeanNameAwareCustomizer> (0x00000000db718bb8) thrown at [C:\re\workspace\8-2-build-windows-amd64-cygwin\jdk8u172\10810\hotspot\src\share\vm\classfile\systemDictionary.cpp, 
Event: 5.220 Thread 0x000000000383a000 Exception <a 'java/lang/ClassNotFoundException': org/springframework/beans/factory/InitializingBeanCustomizer> (0x00000000db733758) thrown at [C:\re\workspace\8-2-build-windows-amd64-cygwin\jdk8u172\10810\hotspot\src\share\vm\classfile\systemDictionary.cp
Event: 5.223 Thread 0x000000000383a000 Exception <a 'java/lang/ClassNotFoundException': org/springframework/beans/factory/DisposableBeanCustomizer> (0x00000000db74c8e8) thrown at [C:\re\workspace\8-2-build-windows-amd64-cygwin\jdk8u172\10810\hotspot\src\share\vm\classfile\systemDictionary.cpp,
Event: 5.224 Thread 0x000000000383a000 Exception <a 'java/lang/ClassNotFoundException': org/springframework/orm/jpa/EntityManagerFactoryInfoCustomizer> (0x00000000db767658) thrown at [C:\re\workspace\8-2-build-windows-amd64-cygwin\jdk8u172\10810\hotspot\src\share\vm\classfile\systemDictionary.
Event: 5.224 Thread 0x000000000383a000 Exception <a 'java/lang/ClassNotFoundException': org/springframework/dao/support/PersistenceExceptionTranslatorCustomizer> (0x00000000db7917d0) thrown at [C:\re\workspace\8-2-build-windows-amd64-cygwin\jdk8u172\10810\hotspot\src\share\vm\classfile\systemD

Events (10 events):
Event: 5.639 Thread 0x0000000019b2a800 flushing nmethod 0x0000000003d6ca50
Event: 5.639 Thread 0x0000000019b2a800 flushing nmethod 0x0000000003d71610
Event: 5.639 Thread 0x0000000019b2a800 flushing nmethod 0x0000000003d874d0
Event: 5.639 Thread 0x0000000019b2a800 flushing nmethod 0x0000000003d8eed0
Event: 5.639 Thread 0x0000000019b2a800 flushing nmethod 0x0000000003d94e10
Event: 5.639 Thread 0x0000000019b2a800 flushing nmethod 0x0000000003d96c90
Event: 5.639 Thread 0x0000000019b2a800 flushing nmethod 0x0000000003d97290
Event: 5.639 Thread 0x0000000019b2a800 flushing nmethod 0x0000000003d97890
Event: 5.639 loading class java/sql/SQLTransientConnectionException
Event: 5.639 loading class java/sql/SQLTransientException


Dynamic libraries:
0x00007ff6ac050000 - 0x00007ff6ac087000 	G:\pleiades\eclipse\jre\bin\java.exe
0x00007ffee8fb0000 - 0x00007ffee9191000 	C:\WINDOWS\SYSTEM32\ntdll.dll
0x00007ffee8cd0000 - 0x00007ffee8d82000 	C:\WINDOWS\System32\KERNEL32.DLL
0x00007ffee5590000 - 0x00007ffee5803000 	C:\WINDOWS\System32\KERNELBASE.dll
0x00007ffee64e0000 - 0x00007ffee6581000 	C:\WINDOWS\System32\ADVAPI32.dll
0x00007ffee8ee0000 - 0x00007ffee8f7e000 	C:\WINDOWS\System32\msvcrt.dll
0x00007ffee6fa0000 - 0x00007ffee6ffb000 	C:\WINDOWS\System32\sechost.dll
0x00007ffee7000000 - 0x00007ffee7124000 	C:\WINDOWS\System32\RPCRT4.dll
0x00007ffee6e10000 - 0x00007ffee6fa0000 	C:\WINDOWS\System32\USER32.dll
0x00007ffee5380000 - 0x00007ffee53a0000 	C:\WINDOWS\System32\win32u.dll
0x00007ffee87f0000 - 0x00007ffee8818000 	C:\WINDOWS\System32\GDI32.dll
0x00007ffee5810000 - 0x00007ffee59a2000 	C:\WINDOWS\System32\gdi32full.dll
0x00007ffee53f0000 - 0x00007ffee548f000 	C:\WINDOWS\System32\msvcp_win.dll
0x00007ffee5490000 - 0x00007ffee558a000 	C:\WINDOWS\System32\ucrtbase.dll
0x00007ffedcd80000 - 0x00007ffedcfe9000 	C:\WINDOWS\WinSxS\amd64_microsoft.windows.common-controls_6595b64144ccf1df_6.0.17134.228_none_fb4599993062b194\COMCTL32.dll
0x00007ffee88b0000 - 0x00007ffee8bd3000 	C:\WINDOWS\System32\combase.dll
0x00007ffee60c0000 - 0x00007ffee613a000 	C:\WINDOWS\System32\bcryptPrimitives.dll
0x00007ffee8700000 - 0x00007ffee872d000 	C:\WINDOWS\System32\IMM32.DLL
0x0000000061c50000 - 0x0000000061d22000 	G:\pleiades\eclipse\jre\jre\bin\msvcr100.dll
0x00000000628c0000 - 0x0000000063163000 	G:\pleiades\eclipse\jre\jre\bin\server\jvm.dll
0x00007ffee7130000 - 0x00007ffee7138000 	C:\WINDOWS\System32\PSAPI.DLL
0x00007ffea9580000 - 0x00007ffea9589000 	C:\WINDOWS\SYSTEM32\WSOCK32.dll
0x00007ffee8840000 - 0x00007ffee88ac000 	C:\WINDOWS\System32\WS2_32.dll
0x00007ffee19f0000 - 0x00007ffee1a13000 	C:\WINDOWS\SYSTEM32\WINMM.dll
0x00007ffee0250000 - 0x00007ffee025a000 	C:\WINDOWS\SYSTEM32\VERSION.dll
0x00007ffee19c0000 - 0x00007ffee19ea000 	C:\WINDOWS\SYSTEM32\WINMMBASE.dll
0x00007ffee53a0000 - 0x00007ffee53e9000 	C:\WINDOWS\System32\cfgmgr32.dll
0x00000000628b0000 - 0x00000000628bf000 	G:\pleiades\eclipse\jre\jre\bin\verify.dll
0x0000000062880000 - 0x00000000628a9000 	G:\pleiades\eclipse\jre\jre\bin\java.dll
0x0000000062830000 - 0x0000000062846000 	G:\pleiades\eclipse\jre\jre\bin\zip.dll
0x00007ffee7140000 - 0x00007ffee8580000 	C:\WINDOWS\System32\SHELL32.dll
0x00007ffee6d40000 - 0x00007ffee6de9000 	C:\WINDOWS\System32\shcore.dll
0x00007ffee59b0000 - 0x00007ffee60bd000 	C:\WINDOWS\System32\windows.storage.dll
0x00007ffee8790000 - 0x00007ffee87e1000 	C:\WINDOWS\System32\shlwapi.dll
0x00007ffee5360000 - 0x00007ffee5371000 	C:\WINDOWS\System32\kernel.appcore.dll
0x00007ffee5310000 - 0x00007ffee532f000 	C:\WINDOWS\System32\profapi.dll
0x00007ffee52c0000 - 0x00007ffee530c000 	C:\WINDOWS\System32\powrprof.dll
0x00007ffee5330000 - 0x00007ffee533a000 	C:\WINDOWS\System32\FLTLIB.DLL
0x00000000627b0000 - 0x00000000627bd000 	G:\pleiades\eclipse\jre\jre\bin\management.dll
0x0000000062810000 - 0x000000006282a000 	G:\pleiades\eclipse\jre\jre\bin\net.dll
0x00007ffee4b40000 - 0x00007ffee4ba6000 	C:\WINDOWS\system32\mswsock.dll
0x00007ffedcd50000 - 0x00007ffedcd66000 	C:\WINDOWS\system32\napinsp.dll
0x00007ffed67d0000 - 0x00007ffed67ea000 	C:\WINDOWS\system32\pnrpnsp.dll
0x00007ffee28d0000 - 0x00007ffee28e9000 	C:\WINDOWS\system32\NLAapi.dll
0x00007ffee4900000 - 0x00007ffee49be000 	C:\WINDOWS\SYSTEM32\DNSAPI.dll
0x00007ffee8820000 - 0x00007ffee8828000 	C:\WINDOWS\System32\NSI.dll
0x00007ffee48c0000 - 0x00007ffee48f8000 	C:\WINDOWS\SYSTEM32\IPHLPAPI.DLL
0x00007ffede800000 - 0x00007ffede80e000 	C:\WINDOWS\System32\winrnr.dll
0x00007ffedec30000 - 0x00007ffedec3a000 	C:\Windows\System32\rasadhlp.dll
0x00007ffedf7e0000 - 0x00007ffedf852000 	C:\WINDOWS\System32\fwpuclnt.dll
0x00007ffee4e20000 - 0x00007ffee4e45000 	C:\WINDOWS\SYSTEM32\bcrypt.dll
0x00000000627f0000 - 0x0000000062801000 	G:\pleiades\eclipse\jre\jre\bin\nio.dll
0x00007ffee4cf0000 - 0x00007ffee4d07000 	C:\WINDOWS\SYSTEM32\CRYPTSP.dll
0x00007ffee4720000 - 0x00007ffee4753000 	C:\WINDOWS\system32\rsaenh.dll
0x00007ffee51c0000 - 0x00007ffee51e8000 	C:\WINDOWS\SYSTEM32\USERENV.dll
0x00007ffee4d10000 - 0x00007ffee4d1b000 	C:\WINDOWS\SYSTEM32\CRYPTBASE.dll
0x00007ffedfc70000 - 0x00007ffedfc86000 	C:\WINDOWS\SYSTEM32\dhcpcsvc6.DLL
0x00007ffedfb60000 - 0x00007ffedfb7a000 	C:\WINDOWS\SYSTEM32\dhcpcsvc.DLL

VM Arguments:
jvm_args: -Dfile.encoding=windows-31j -Duser.country=JP -Duser.language=ja -Duser.variant 
java_command: tcc.TccApplication
java_class_path (initial): G:\pleiades\workspace\TCC\build\classes\java\main;G:\pleiades\workspace\TCC\build\resources\main;C:\Users\supertsuyoshi\.gradle\caches\modules-2\files-2.1\org.springframework.boot\spring-boot-starter-data-jpa\2.0.4.RELEASE\69970d3a7c353d8e727e2c6b2a9e621114f5e089\spring-boot-starter-data-jpa-2.0.4.RELEASE.jar;C:\Users\supertsuyoshi\.gradle\caches\modules-2\files-2.1\org.springframework.boot\spring-boot-starter-jersey\2.0.4.RELEASE\32ec922218021f7b462a20ed9a567270ceac56c\spring-boot-starter-jersey-2.0.4.RELEASE.jar;C:\Users\supertsuyoshi\.gradle\caches\modules-2\files-2.1\org.springframework.boot\spring-boot-starter-thymeleaf\2.0.4.RELEASE\2efe5275b5f69d82a6aef962bc1f044791d9259f\spring-boot-starter-thymeleaf-2.0.4.RELEASE.jar;C:\Users\supertsuyoshi\.gradle\caches\modules-2\files-2.1\org.springframework.boot\spring-boot-starter-web\2.0.4.RELEASE\98d49e981ecf804da877d84259b7b0d1ec2fb6f6\spring-boot-starter-web-2.0.4.RELEASE.jar;C:\Users\supertsuyoshi\.gradle\caches\modules-2\files-2.1\mysql\mysql-connector-java\5.1.46\9a3e63b387e376364211e96827bc27db8d7a92e9\mysql-connector-java-5.1.46.jar;C:\Users\supertsuyoshi\.gradle\caches\modules-2\files-2.1\org.springframework.boot\spring-boot-starter-aop\2.0.4.RELEASE\5e963eb965b72e113a05351c482e3d613f04e59d\spring-boot-starter-aop-2.0.4.RELEASE.jar;C:\Users\supertsuyoshi\.gradle\caches\modules-2\files-2.1\org.springframework.boot\spring-boot-starter-jdbc\2.0.4.RELEASE\3e9b13a3bee8b8f9b2b9fde4f9e9aac0ccf2b3ba\spring-boot-starter-jdbc-2.0.4.RELEASE.jar;C:\Users\supertsuyoshi\.gradle\caches\modules-2\files-2.1\org.springframework.boot\spring-boot-starter-json\2.0.4.RELEASE\c7afabf0d7c85db178da4ce0634e3bd2ddb0eb71\spring-boot-starter-json-2.0.4.RELEASE.jar;C:\Users\supertsuyoshi\.gradle\caches\modules-2\files-2.1\org.springframework.boot\spring-boot-starter-validation\2.0.4.RELEASE\6dc53d3c88543861f538d781f83feea1a59a41c\spring-boot-starter-validation-2.0.4.RELEASE.jar;C:\Users\supertsuyoshi\.gradle\ca
Launcher Type: SUN_STANDARD

Environment Variables:
JAVA_HOME=G:\pleiades\java\10
PATH=G:/pleiades/eclipse/jre/bin/../jre/bin/server;G:/pleiades/eclipse/jre/bin/../jre/bin;G:/pleiades/eclipse/jre/bin/../jre/lib/amd64;C:\Program Files (x86)\Common Files\Oracle\Java\javapath;C:\Program Files\Microsoft MPI\Bin\;C:\ProgramData\Anaconda3;C:\ProgramData\Anaconda3\Library\mingw-w64\bin;C:\ProgramData\Anaconda3\Library\usr\bin;C:\ProgramData\Anaconda3\Library\bin;C:\ProgramData\Anaconda3\Scripts;C:\WINDOWS;C:\WINDOWS\System32\Wbem;C:\WINDOWS\System32\WindowsPowerShell\v1.0\;C:\Program Files (x86)\NVIDIA Corporation\PhysX\Common;C:\WINDOWS\system32;C:\WINDOWS;C:\WINDOWS\System32\Wbem;C:\WINDOWS\System32\WindowsPowerShell\v1.0\;C:\Program Files (x86)\Skype\Phone\;C:\ProgramData\Oracle\Java\javapath;C:\WINDOWS\system32;C:\Python27;C:\Program Files\Microsoft SQL Server\130\Tools\Binn\;C:\Program Files\dotnet\;C:\ProgramData\chocolatey\bin;C:\Program Files\Git\cmd;C:\Program Files\nodejs\;C:\WINDOWS\System32\OpenSSH\;C:\Users\supertsuyoshi\cocos2d-x-3.14.1\templates;C:\Users\supertsuyoshi\cocos2d-x-3.14.1\tools\cocos2d-console\bin;C:\Users\supertsuyoshi\AppData\Local\Microsoft\WindowsApps;E:\AndroidStudio\sdk\platform-tools;C:\Users\supertsuyoshi\AppData\Local\.meteor;C:\Users\supertsuyoshi\AppData\Roaming\npm;;G:\pleiades\eclipse;
USERNAME=supertsuyoshi
OS=Windows_NT
PROCESSOR_IDENTIFIER=Intel64 Family 6 Model 60 Stepping 3, GenuineIntel



---------------  S Y S T E M  ---------------

OS: Windows 10.0 , 64 bit Build 17134 (10.0.17134.1)

CPU:total 4 (initial active 4) (4 cores per cpu, 1 threads per core) family 6 model 60 stepping 3, cmov, cx8, fxsr, mmx, sse, sse2, sse3, ssse3, sse4.1, sse4.2, popcnt, avx, avx2, aes, clmul, erms, lzcnt, tsc, tscinvbit, bmi1, bmi2

Memory: 4k page, physical 8322200k(617288k free), swap 10279064k(5256k free)

vm_info: Java HotSpot(TM) 64-Bit Server VM (25.172-b11) for windows-amd64 JRE (1.8.0_172-b11), built on Mar 28 2018 21:21:52 by "java_re" with MS VC++ 10.0 (VS2010)

time: Mon Aug 27 13:19:24 2018
elapsed time: 5 seconds (0d 0h 0m 5s)

