#
# There is insufficient memory for the Java Runtime Environment to continue.
# Native memory allocation (malloc) failed to allocate 438896 bytes for Chunk::new
# Possible reasons:
#   The system is out of physical RAM or swap space
#   In 32 bit mode, the process size limit was hit
# Possible solutions:
#   Reduce memory load on the system
#   Increase physical memory or swap space
#   Check if swap backing store is full
#   Use 64 bit Java on a 64 bit OS
#   Decrease Java heap size (-Xmx/-Xms)
#   Decrease number of Java threads
#   Decrease Java thread stack sizes (-Xss)
#   Set larger code cache with -XX:ReservedCodeCacheSize=
# This output file may be truncated or incomplete.
#
#  Out of Memory Error (allocation.cpp:390), pid=40080, tid=0x000000000000941c
#
# JRE version: Java(TM) SE Runtime Environment (8.0_172-b11) (build 1.8.0_172-b11)
# Java VM: Java HotSpot(TM) 64-Bit Server VM (25.172-b11 mixed mode windows-amd64 compressed oops)
# Failed to write core dump. Minidumps are not enabled by default on client versions of Windows
#

---------------  T H R E A D  ---------------

Current thread (0x0000000019063800):  JavaThread "C2 CompilerThread1" daemon [_thread_in_native, id=37916, stack(0x0000000019830000,0x0000000019930000)]

Stack: [0x0000000019830000,0x0000000019930000]
[error occurred during error reporting (printing stack bounds), id 0xc0000005]

Native frames: (J=compiled Java code, j=interpreted, Vv=VM code, C=native code)


Current CompileTask:
C2:   4329 4011       4       org.springframework.core.annotation.AnnotationUtils::postProcessAnnotationAttributes (150 bytes)


---------------  P R O C E S S  ---------------

Java Threads: ( => current thread )
  0x000000001c04e800 JavaThread "HikariPool-1 connection adder" daemon [_thread_blocked, id=37824, stack(0x0000000021830000,0x0000000021930000)]
  0x000000001c04d800 JavaThread "HikariPool-1 housekeeper" daemon [_thread_blocked, id=33100, stack(0x0000000021530000,0x0000000021630000)]
  0x000000001c4a9800 JavaThread "Abandoned connection cleanup thread" daemon [_thread_blocked, id=42668, stack(0x000000001fdd0000,0x000000001fed0000)]
  0x000000001a572000 JavaThread "/127.0.0.1:53062 to /127.0.0.1:53061 workers Thread 3" [_thread_in_native, id=19684, stack(0x000000001b700000,0x000000001b800000)]
  0x000000001a571800 JavaThread "/127.0.0.1:53062 to /127.0.0.1:53061 workers Thread 2" [_thread_blocked, id=33816, stack(0x000000001b600000,0x000000001b700000)]
  0x000000001a5f2800 JavaThread "Test worker" [_thread_blocked, id=42272, stack(0x000000001b500000,0x000000001b600000)]
  0x0000000019114800 JavaThread "Service Thread" daemon [_thread_blocked, id=34708, stack(0x0000000019a30000,0x0000000019b30000)]
  0x000000001907a000 JavaThread "C1 CompilerThread2" daemon [_thread_blocked, id=38764, stack(0x0000000019930000,0x0000000019a30000)]
=>0x0000000019063800 JavaThread "C2 CompilerThread1" daemon [_thread_in_native, id=37916, stack(0x0000000019830000,0x0000000019930000)]
  0x0000000019077000 JavaThread "C2 CompilerThread0" daemon [_thread_in_native, id=40204, stack(0x0000000019730000,0x0000000019830000)]
  0x0000000017d4e800 JavaThread "Attach Listener" daemon [_thread_blocked, id=38772, stack(0x0000000019630000,0x0000000019730000)]
  0x000000001905c000 JavaThread "Signal Dispatcher" daemon [_thread_blocked, id=40376, stack(0x0000000019530000,0x0000000019630000)]
  0x000000000305b800 JavaThread "Finalizer" daemon [_thread_blocked, id=38428, stack(0x0000000018f50000,0x0000000019050000)]
  0x0000000003051000 JavaThread "Reference Handler" daemon [_thread_blocked, id=41232, stack(0x0000000018e50000,0x0000000018f50000)]
  0x0000000002f62800 JavaThread "main" [_thread_blocked, id=41208, stack(0x0000000002af0000,0x0000000002bf0000)]

Other Threads:
  0x0000000017cb8000 VMThread [stack: 0x0000000018d50000,0x0000000018e50000] [id=41260]
  0x0000000019156000 WatcherThread [stack: 0x0000000019b30000,0x0000000019c30000] [id=42140]

VM state:at safepoint (normal execution)

VM Mutex/Monitor currently owned by a thread:  ([mutex/lock_event])
[0x000000000315daf0] Threads_lock - owner thread: 0x0000000017cb8000
[0x000000000315e070] Heap_lock - owner thread: 0x000000001a5f2800

Heap:
 PSYoungGen      total 121344K, used 114688K [0x00000000d5b00000, 0x00000000deb00000, 0x0000000100000000)
  eden space 114688K, 100% used [0x00000000d5b00000,0x00000000dcb00000,0x00000000dcb00000)
  from space 6656K, 0% used [0x00000000de480000,0x00000000de480000,0x00000000deb00000)
  to   space 7680K, 4% used [0x00000000ddc00000,0x00000000ddc50010,0x00000000de380000)
 ParOldGen       total 50688K, used 14842K [0x0000000081000000, 0x0000000084180000, 0x00000000d5b00000)
  object space 50688K, 29% used [0x0000000081000000,0x0000000081e7ea50,0x0000000084180000)
 Metaspace       used 45048K, capacity 46348K, committed 46848K, reserved 1089536K
  class space    used 6065K, capacity 6368K, committed 6400K, reserved 1048576K

Card table byte_map: [0x0000000012520000,0x0000000012920000] byte_map_base: 0x0000000012118000

Marking Bits: (ParMarkBitMap*) 0x00000000630e3c10
 Begin Bits: [0x0000000012fd0000, 0x0000000014f90000)
 End Bits:   [0x0000000014f90000, 0x0000000016f50000)

Polling page: 0x00000000009f0000

CodeCache: size=245760Kb used=14421Kb max_used=14421Kb free=231338Kb
 bounds [0x0000000003160000, 0x0000000003f80000, 0x0000000012160000]
 total_blobs=4594 nmethods=4065 adapters=441
 compilation: enabled

Compilation events (10 events):
Event: 4.307 Thread 0x000000001907a000 4067       3       java.util.Collections$UnmodifiableMap$UnmodifiableEntrySet$UnmodifiableEntry::getValue (10 bytes)
Event: 4.307 Thread 0x000000001907a000 nmethod 4067 0x0000000003f780d0 code [0x0000000003f78240, 0x0000000003f78468]
Event: 4.322 Thread 0x000000001907a000 4069       3       org.springframework.util.ReflectionUtils::findMethod (111 bytes)
Event: 4.323 Thread 0x000000001907a000 nmethod 4069 0x0000000003f78510 code [0x0000000003f78780, 0x0000000003f79578]
Event: 4.324 Thread 0x000000001907a000 4070       3       sun.reflect.generics.parser.SignatureParser::parseZeroOrMoreTypeSignatures (174 bytes)
Event: 4.325 Thread 0x000000001907a000 nmethod 4070 0x0000000003f79c90 code [0x0000000003f79ec0, 0x0000000003f7abf8]
Event: 4.325 Thread 0x000000001907a000 4071       3       java.beans.FeatureDescriptor::<init> (137 bytes)
Event: 4.326 Thread 0x000000001907a000 nmethod 4071 0x0000000003f7b210 code [0x0000000003f7b440, 0x0000000003f7c498]
Event: 4.326 Thread 0x000000001907a000 4072   !   3       org.springframework.core.$Proxy29::getRawType (29 bytes)
Event: 4.326 Thread 0x000000001907a000 nmethod 4072 0x0000000003f7ca50 code [0x0000000003f7cbe0, 0x0000000003f7d038]

GC Heap History (10 events):
Event: 1.643 GC heap before
{Heap before GC invocations=6 (full 1):
 PSYoungGen      total 71680K, used 5115K [0x00000000d5b00000, 0x00000000dec00000, 0x0000000100000000)
  eden space 66560K, 0% used [0x00000000d5b00000,0x00000000d5b00000,0x00000000d9c00000)
  from space 5120K, 99% used [0x00000000d9c00000,0x00000000da0fee08,0x00000000da100000)
  to   space 7680K, 0% used [0x00000000de480000,0x00000000de480000,0x00000000dec00000)
 ParOldGen       total 87552K, used 5848K [0x0000000081000000, 0x0000000086580000, 0x00000000d5b00000)
  object space 87552K, 6% used [0x0000000081000000,0x00000000815b6390,0x0000000086580000)
 Metaspace       used 20440K, capacity 21092K, committed 21248K, reserved 1067008K
  class space    used 2768K, capacity 2952K, committed 3072K, reserved 1048576K
Event: 1.673 GC heap after
Heap after GC invocations=6 (full 1):
 PSYoungGen      total 71680K, used 0K [0x00000000d5b00000, 0x00000000dec00000, 0x0000000100000000)
  eden space 66560K, 0% used [0x00000000d5b00000,0x00000000d5b00000,0x00000000d9c00000)
  from space 5120K, 0% used [0x00000000d9c00000,0x00000000d9c00000,0x00000000da100000)
  to   space 7680K, 0% used [0x00000000de480000,0x00000000de480000,0x00000000dec00000)
 ParOldGen       total 50688K, used 6153K [0x0000000081000000, 0x0000000084180000, 0x00000000d5b00000)
  object space 50688K, 12% used [0x0000000081000000,0x0000000081602668,0x0000000084180000)
 Metaspace       used 20440K, capacity 21092K, committed 21248K, reserved 1067008K
  class space    used 2768K, capacity 2952K, committed 3072K, reserved 1048576K
}
Event: 1.924 GC heap before
{Heap before GC invocations=7 (full 1):
 PSYoungGen      total 71680K, used 66560K [0x00000000d5b00000, 0x00000000dec00000, 0x0000000100000000)
  eden space 66560K, 100% used [0x00000000d5b00000,0x00000000d9c00000,0x00000000d9c00000)
  from space 5120K, 0% used [0x00000000d9c00000,0x00000000d9c00000,0x00000000da100000)
  to   space 7680K, 0% used [0x00000000de480000,0x00000000de480000,0x00000000dec00000)
 ParOldGen       total 50688K, used 6153K [0x0000000081000000, 0x0000000084180000, 0x00000000d5b00000)
  object space 50688K, 12% used [0x0000000081000000,0x0000000081602668,0x0000000084180000)
 Metaspace       used 24785K, capacity 25542K, committed 25856K, reserved 1071104K
  class space    used 3291K, capacity 3479K, committed 3584K, reserved 1048576K
Event: 1.931 GC heap after
Heap after GC invocations=7 (full 1):
 PSYoungGen      total 121344K, used 6580K [0x00000000d5b00000, 0x00000000deb00000, 0x0000000100000000)
  eden space 114688K, 0% used [0x00000000d5b00000,0x00000000d5b00000,0x00000000dcb00000)
  from space 6656K, 98% used [0x00000000de480000,0x00000000deaed398,0x00000000deb00000)
  to   space 7680K, 0% used [0x00000000ddc00000,0x00000000ddc00000,0x00000000de380000)
 ParOldGen       total 50688K, used 6161K [0x0000000081000000, 0x0000000084180000, 0x00000000d5b00000)
  object space 50688K, 12% used [0x0000000081000000,0x0000000081604668,0x0000000084180000)
 Metaspace       used 24785K, capacity 25542K, committed 25856K, reserved 1071104K
  class space    used 3291K, capacity 3479K, committed 3584K, reserved 1048576K
}
Event: 2.790 GC heap before
{Heap before GC invocations=8 (full 1):
 PSYoungGen      total 121344K, used 121268K [0x00000000d5b00000, 0x00000000deb00000, 0x0000000100000000)
  eden space 114688K, 100% used [0x00000000d5b00000,0x00000000dcb00000,0x00000000dcb00000)
  from space 6656K, 98% used [0x00000000de480000,0x00000000deaed398,0x00000000deb00000)
  to   space 7680K, 0% used [0x00000000ddc00000,0x00000000ddc00000,0x00000000de380000)
 ParOldGen       total 50688K, used 6161K [0x0000000081000000, 0x0000000084180000, 0x00000000d5b00000)
  object space 50688K, 12% used [0x0000000081000000,0x0000000081604668,0x0000000084180000)
 Metaspace       used 30651K, capacity 31660K, committed 31744K, reserved 1077248K
  class space    used 4023K, capacity 4276K, committed 4352K, reserved 1048576K
Event: 2.798 GC heap after
Heap after GC invocations=8 (full 1):
 PSYoungGen      total 122368K, used 7674K [0x00000000d5b00000, 0x00000000deb00000, 0x0000000100000000)
  eden space 114688K, 0% used [0x00000000d5b00000,0x00000000d5b00000,0x00000000dcb00000)
  from space 7680K, 99% used [0x00000000ddc00000,0x00000000de37e940,0x00000000de380000)
  to   space 6656K, 0% used [0x00000000de480000,0x00000000de480000,0x00000000deb00000)
 ParOldGen       total 50688K, used 7474K [0x0000000081000000, 0x0000000084180000, 0x00000000d5b00000)
  object space 50688K, 14% used [0x0000000081000000,0x000000008174c928,0x0000000084180000)
 Metaspace       used 30651K, capacity 31660K, committed 31744K, reserved 1077248K
  class space    used 4023K, capacity 4276K, committed 4352K, reserved 1048576K
}
Event: 3.222 GC heap before
{Heap before GC invocations=9 (full 1):
 PSYoungGen      total 122368K, used 68362K [0x00000000d5b00000, 0x00000000deb00000, 0x0000000100000000)
  eden space 114688K, 52% used [0x00000000d5b00000,0x00000000d9644118,0x00000000dcb00000)
  from space 7680K, 99% used [0x00000000ddc00000,0x00000000de37e940,0x00000000de380000)
  to   space 6656K, 0% used [0x00000000de480000,0x00000000de480000,0x00000000deb00000)
 ParOldGen       total 50688K, used 7474K [0x0000000081000000, 0x0000000084180000, 0x00000000d5b00000)
  object space 50688K, 14% used [0x0000000081000000,0x000000008174c928,0x0000000084180000)
 Metaspace       used 34137K, capacity 35316K, committed 35416K, reserved 1079296K
  class space    used 4549K, capacity 4820K, committed 4864K, reserved 1048576K
Event: 3.230 GC heap after
Heap after GC invocations=9 (full 1):
 PSYoungGen      total 121344K, used 6640K [0x00000000d5b00000, 0x00000000deb00000, 0x0000000100000000)
  eden space 114688K, 0% used [0x00000000d5b00000,0x00000000d5b00000,0x00000000dcb00000)
  from space 6656K, 99% used [0x00000000de480000,0x00000000deafc030,0x00000000deb00000)
  to   space 7680K, 0% used [0x00000000ddc00000,0x00000000ddc00000,0x00000000de380000)
 ParOldGen       total 50688K, used 10630K [0x0000000081000000, 0x0000000084180000, 0x00000000d5b00000)
  object space 50688K, 20% used [0x0000000081000000,0x0000000081a61a98,0x0000000084180000)
 Metaspace       used 34137K, capacity 35316K, committed 35416K, reserved 1079296K
  class space    used 4549K, capacity 4820K, committed 4864K, reserved 1048576K
}
Event: 3.230 GC heap before
{Heap before GC invocations=10 (full 2):
 PSYoungGen      total 121344K, used 6640K [0x00000000d5b00000, 0x00000000deb00000, 0x0000000100000000)
  eden space 114688K, 0% used [0x00000000d5b00000,0x00000000d5b00000,0x00000000dcb00000)
  from space 6656K, 99% used [0x00000000de480000,0x00000000deafc030,0x00000000deb00000)
  to   space 7680K, 0% used [0x00000000ddc00000,0x00000000ddc00000,0x00000000de380000)
 ParOldGen       total 50688K, used 10630K [0x0000000081000000, 0x0000000084180000, 0x00000000d5b00000)
  object space 50688K, 20% used [0x0000000081000000,0x0000000081a61a98,0x0000000084180000)
 Metaspace       used 34137K, capacity 35316K, committed 35416K, reserved 1079296K
  class space    used 4549K, capacity 4820K, committed 4864K, reserved 1048576K
Event: 3.293 GC heap after
Heap after GC invocations=10 (full 2):
 PSYoungGen      total 121344K, used 0K [0x00000000d5b00000, 0x00000000deb00000, 0x0000000100000000)
  eden space 114688K, 0% used [0x00000000d5b00000,0x00000000d5b00000,0x00000000dcb00000)
  from space 6656K, 0% used [0x00000000de480000,0x00000000de480000,0x00000000deb00000)
  to   space 7680K, 0% used [0x00000000ddc00000,0x00000000ddc00000,0x00000000de380000)
 ParOldGen       total 50688K, used 14842K [0x0000000081000000, 0x0000000084180000, 0x00000000d5b00000)
  object space 50688K, 29% used [0x0000000081000000,0x0000000081e7ea50,0x0000000084180000)
 Metaspace       used 34137K, capacity 35316K, committed 35416K, reserved 1079296K
  class space    used 4549K, capacity 4820K, committed 4864K, reserved 1048576K
}

Deoptimization events (10 events):
Event: 4.021 Thread 0x000000001a5f2800 Uncommon trap: reason=unstable_if action=reinterpret pc=0x00000000033bf694 method=java.util.HashMap.getNode(ILjava/lang/Object;)Ljava/util/HashMap$Node; @ 84
Event: 4.035 Thread 0x000000001a5f2800 Uncommon trap: reason=unstable_if action=reinterpret pc=0x00000000035dcbfc method=java.util.HashMap.resize()[Ljava/util/HashMap$Node; @ 206
Event: 4.056 Thread 0x000000001a5f2800 Uncommon trap: reason=unstable_if action=reinterpret pc=0x0000000003d40a90 method=java.util.regex.Pattern$BmpCharProperty.match(Ljava/util/regex/Matcher;ILjava/lang/CharSequence;)Z @ 5
Event: 4.140 Thread 0x000000001a5f2800 Uncommon trap: reason=unstable_if action=reinterpret pc=0x000000000351ecac method=java.lang.String.regionMatches(ZILjava/lang/String;II)Z @ 123
Event: 4.205 Thread 0x000000001a5f2800 Uncommon trap: reason=class_check action=maybe_recompile pc=0x0000000003d360f4 method=org.springframework.beans.factory.support.AbstractBeanFactory.isTypeMatch(Ljava/lang/String;Lorg/springframework/core/ResolvableType;)Z @ 47
Event: 4.205 Thread 0x000000001a5f2800 Uncommon trap: reason=class_check action=maybe_recompile pc=0x0000000003d360f4 method=org.springframework.beans.factory.support.AbstractBeanFactory.isTypeMatch(Ljava/lang/String;Lorg/springframework/core/ResolvableType;)Z @ 47
Event: 4.215 Thread 0x000000001a5f2800 Uncommon trap: reason=class_check action=maybe_recompile pc=0x0000000003d360f4 method=org.springframework.beans.factory.support.AbstractBeanFactory.isTypeMatch(Ljava/lang/String;Lorg/springframework/core/ResolvableType;)Z @ 47
Event: 4.219 Thread 0x000000001a5f2800 Uncommon trap: reason=class_check action=maybe_recompile pc=0x0000000003d360f4 method=org.springframework.beans.factory.support.AbstractBeanFactory.isTypeMatch(Ljava/lang/String;Lorg/springframework/core/ResolvableType;)Z @ 47
Event: 4.233 Thread 0x000000001a5f2800 Uncommon trap: reason=unstable_if action=reinterpret pc=0x0000000003cfa68c method=java.util.concurrent.ConcurrentHashMap.get(Ljava/lang/Object;)Ljava/lang/Object; @ 152
Event: 4.284 Thread 0x000000001a5f2800 Uncommon trap: reason=unstable_if action=reinterpret pc=0x0000000003ceaef4 method=java.util.concurrent.ConcurrentHashMap.putVal(Ljava/lang/Object;Ljava/lang/Object;Z)Ljava/lang/Object; @ 331

Classes redefined (0 events):
No events

Internal exceptions (10 events):
Event: 4.299 Thread 0x000000001a5f2800 Exception <a 'java/lang/ClassNotFoundException': org/springframework/boot/autoconfigure/web/servlet/ServletWebServerFactoryConfiguration$EmbeddedTomcatCustomizer> (0x00000000dc5ece90) thrown at [C:\re\workspace\8-2-build-windows-amd64-cygwin\jdk8u172\1081
Event: 4.299 Thread 0x000000001a5f2800 Exception <a 'java/lang/ClassNotFoundException': org/springframework/boot/autoconfigure/web/servlet/ServletWebServerFactoryConfiguration$EmbeddedTomcat$$EnhancerBySpringCGLIB$$ac0b8e64Customizer> (0x00000000dc62d798) thrown at [C:\re\workspace\8-2-build-w
Event: 4.299 Thread 0x000000001a5f2800 Exception <a 'java/lang/ClassNotFoundException': org/springframework/context/annotation/ConfigurationClassEnhancer$EnhancedConfigurationCustomizer> (0x00000000dc662780) thrown at [C:\re\workspace\8-2-build-windows-amd64-cygwin\jdk8u172\10810\hotspot\src\s
Event: 4.322 Thread 0x000000001a5f2800 Exception <a 'java/lang/ClassNotFoundException': java/lang/ObjectCustomizer> (0x00000000dc923fc0) thrown at [C:\re\workspace\8-2-build-windows-amd64-cygwin\jdk8u172\10810\hotspot\src\share\vm\classfile\systemDictionary.cpp, line 210]
Event: 4.323 Thread 0x000000001a5f2800 Exception <a 'java/lang/ClassNotFoundException': org/springframework/boot/web/server/AbstractConfigurableWebServerFactoryCustomizer> (0x00000000dc94f198) thrown at [C:\re\workspace\8-2-build-windows-amd64-cygwin\jdk8u172\10810\hotspot\src\share\vm\classfi
Event: 4.324 Thread 0x000000001a5f2800 Exception <a 'java/lang/ClassNotFoundException': org/springframework/boot/web/servlet/server/AbstractServletWebServerFactoryCustomizer> (0x00000000dc993d80) thrown at [C:\re\workspace\8-2-build-windows-amd64-cygwin\jdk8u172\10810\hotspot\src\share\vm\clas
Event: 4.325 Thread 0x000000001a5f2800 Exception <a 'java/lang/ClassNotFoundException': org/springframework/boot/web/embedded/tomcat/TomcatServletWebServerFactoryCustomizer> (0x00000000dc9e4028) thrown at [C:\re\workspace\8-2-build-windows-amd64-cygwin\jdk8u172\10810\hotspot\src\share\vm\class
Event: 4.326 Thread 0x000000001a5f2800 Exception <a 'java/lang/ClassNotFoundException': org/springframework/boot/web/embedded/tomcat/ConfigurableTomcatWebServerFactoryCustomizer> (0x00000000dca76708) thrown at [C:\re\workspace\8-2-build-windows-amd64-cygwin\jdk8u172\10810\hotspot\src\share\vm\
Event: 4.327 Thread 0x000000001a5f2800 Exception <a 'java/lang/ClassNotFoundException': org/springframework/context/ResourceLoaderAwareCustomizer> (0x00000000dca9bdd8) thrown at [C:\re\workspace\8-2-build-windows-amd64-cygwin\jdk8u172\10810\hotspot\src\share\vm\classfile\systemDictionary.cpp, 
Event: 4.327 Thread 0x000000001a5f2800 Exception <a 'java/lang/ClassNotFoundException': org/springframework/boot/web/servlet/server/ConfigurableServletWebServerFactoryCustomizer> (0x00000000dcac8028) thrown at [C:\re\workspace\8-2-build-windows-amd64-cygwin\jdk8u172\10810\hotspot\src\share\vm\

Events (10 events):
Event: 4.327 loading class org/springframework/boot/web/servlet/server/ConfigurableServletWebServerFactoryCustomizer
Event: 4.327 loading class org/springframework/boot/web/servlet/server/ConfigurableServletWebServerFactoryCustomizer done
Event: 4.327 loading class org/springframework/boot/web/servlet/server/ConfigurableServletWebServerFactoryCustomizer
Event: 4.327 loading class org/springframework/boot/web/servlet/server/ConfigurableServletWebServerFactoryCustomizer done
Event: 4.327 loading class org/springframework/boot/web/servlet/server/ConfigurableServletWebServerFactoryCustomizer
Event: 4.327 loading class org/springframework/boot/web/servlet/server/ConfigurableServletWebServerFactoryCustomizer done
Event: 4.327 loading class org/springframework/boot/web/server/ConfigurableWebServerFactoryCustomizer
Event: 4.327 loading class org/springframework/boot/web/server/ConfigurableWebServerFactoryCustomizer done
Event: 4.327 loading class org/springframework/boot/web/server/ConfigurableWebServerFactoryCustomizer
Event: 4.327 loading class org/springframework/boot/web/server/ConfigurableWebServerFactoryCustomizer done


Dynamic libraries:
0x00007ff73efa0000 - 0x00007ff73efd7000 	G:\pleiades\eclipse\jre\bin\java.exe
0x00007ffee8fb0000 - 0x00007ffee9191000 	C:\WINDOWS\SYSTEM32\ntdll.dll
0x00007ffee8cd0000 - 0x00007ffee8d82000 	C:\WINDOWS\System32\KERNEL32.DLL
0x00007ffee5590000 - 0x00007ffee5803000 	C:\WINDOWS\System32\KERNELBASE.dll
0x00007ffee64e0000 - 0x00007ffee6581000 	C:\WINDOWS\System32\ADVAPI32.dll
0x00007ffee8ee0000 - 0x00007ffee8f7e000 	C:\WINDOWS\System32\msvcrt.dll
0x00007ffee6fa0000 - 0x00007ffee6ffb000 	C:\WINDOWS\System32\sechost.dll
0x00007ffee7000000 - 0x00007ffee7124000 	C:\WINDOWS\System32\RPCRT4.dll
0x00007ffee6e10000 - 0x00007ffee6fa0000 	C:\WINDOWS\System32\USER32.dll
0x00007ffee5380000 - 0x00007ffee53a0000 	C:\WINDOWS\System32\win32u.dll
0x00007ffee87f0000 - 0x00007ffee8818000 	C:\WINDOWS\System32\GDI32.dll
0x00007ffee5810000 - 0x00007ffee59a2000 	C:\WINDOWS\System32\gdi32full.dll
0x00007ffee53f0000 - 0x00007ffee548f000 	C:\WINDOWS\System32\msvcp_win.dll
0x00007ffee5490000 - 0x00007ffee558a000 	C:\WINDOWS\System32\ucrtbase.dll
0x00007ffed3a60000 - 0x00007ffed3cc9000 	C:\WINDOWS\WinSxS\amd64_microsoft.windows.common-controls_6595b64144ccf1df_6.0.17134.228_none_fb4599993062b194\COMCTL32.dll
0x00007ffee88b0000 - 0x00007ffee8bd3000 	C:\WINDOWS\System32\combase.dll
0x00007ffee60c0000 - 0x00007ffee613a000 	C:\WINDOWS\System32\bcryptPrimitives.dll
0x00007ffee8700000 - 0x00007ffee872d000 	C:\WINDOWS\System32\IMM32.DLL
0x00000000626c0000 - 0x0000000062792000 	G:\pleiades\eclipse\jre\jre\bin\msvcr100.dll
0x00000000628c0000 - 0x0000000063163000 	G:\pleiades\eclipse\jre\jre\bin\server\jvm.dll
0x00007ffee7130000 - 0x00007ffee7138000 	C:\WINDOWS\System32\PSAPI.DLL
0x00007ffee0250000 - 0x00007ffee025a000 	C:\WINDOWS\SYSTEM32\VERSION.dll
0x00007ffed1a10000 - 0x00007ffed1a19000 	C:\WINDOWS\SYSTEM32\WSOCK32.dll
0x00007ffee19f0000 - 0x00007ffee1a13000 	C:\WINDOWS\SYSTEM32\WINMM.dll
0x00007ffee8840000 - 0x00007ffee88ac000 	C:\WINDOWS\System32\WS2_32.dll
0x00007ffee19c0000 - 0x00007ffee19ea000 	C:\WINDOWS\SYSTEM32\winmmbase.dll
0x00007ffee53a0000 - 0x00007ffee53e9000 	C:\WINDOWS\System32\cfgmgr32.dll
0x00000000628b0000 - 0x00000000628bf000 	G:\pleiades\eclipse\jre\jre\bin\verify.dll
0x0000000062880000 - 0x00000000628a9000 	G:\pleiades\eclipse\jre\jre\bin\java.dll
0x0000000062830000 - 0x0000000062846000 	G:\pleiades\eclipse\jre\jre\bin\zip.dll
0x00007ffee7140000 - 0x00007ffee8580000 	C:\WINDOWS\System32\SHELL32.dll
0x00007ffee6d40000 - 0x00007ffee6de9000 	C:\WINDOWS\System32\shcore.dll
0x00007ffee59b0000 - 0x00007ffee60bd000 	C:\WINDOWS\System32\windows.storage.dll
0x00007ffee8790000 - 0x00007ffee87e1000 	C:\WINDOWS\System32\shlwapi.dll
0x00007ffee5360000 - 0x00007ffee5371000 	C:\WINDOWS\System32\kernel.appcore.dll
0x00007ffee5310000 - 0x00007ffee532f000 	C:\WINDOWS\System32\profapi.dll
0x00007ffee52c0000 - 0x00007ffee530c000 	C:\WINDOWS\System32\powrprof.dll
0x00007ffee5330000 - 0x00007ffee533a000 	C:\WINDOWS\System32\FLTLIB.DLL
0x0000000062810000 - 0x000000006282a000 	G:\pleiades\eclipse\jre\jre\bin\net.dll
0x00007ffee4b40000 - 0x00007ffee4ba6000 	C:\WINDOWS\system32\mswsock.dll
0x00000000627f0000 - 0x0000000062801000 	G:\pleiades\eclipse\jre\jre\bin\nio.dll
0x00007ffee4cf0000 - 0x00007ffee4d07000 	C:\WINDOWS\SYSTEM32\CRYPTSP.dll
0x00007ffee4720000 - 0x00007ffee4753000 	C:\WINDOWS\system32\rsaenh.dll
0x00007ffee4e20000 - 0x00007ffee4e45000 	C:\WINDOWS\SYSTEM32\bcrypt.dll
0x00007ffee51c0000 - 0x00007ffee51e8000 	C:\WINDOWS\SYSTEM32\USERENV.dll
0x00007ffee4d10000 - 0x00007ffee4d1b000 	C:\WINDOWS\SYSTEM32\CRYPTBASE.dll
0x00007ffee48c0000 - 0x00007ffee48f8000 	C:\WINDOWS\SYSTEM32\IPHLPAPI.DLL
0x00007ffee8820000 - 0x00007ffee8828000 	C:\WINDOWS\System32\NSI.dll
0x00007ffedfc70000 - 0x00007ffedfc86000 	C:\WINDOWS\SYSTEM32\dhcpcsvc6.DLL
0x00007ffedfb60000 - 0x00007ffedfb7a000 	C:\WINDOWS\SYSTEM32\dhcpcsvc.DLL
0x00000000627a0000 - 0x00000000627ad000 	G:\pleiades\eclipse\jre\jre\bin\management.dll
0x00007ffed5a40000 - 0x00007ffed5a56000 	C:\WINDOWS\system32\napinsp.dll
0x00007ffed4640000 - 0x00007ffed465a000 	C:\WINDOWS\system32\pnrpnsp.dll
0x00007ffee28d0000 - 0x00007ffee28e9000 	C:\WINDOWS\system32\NLAapi.dll
0x00007ffee4900000 - 0x00007ffee49be000 	C:\WINDOWS\SYSTEM32\DNSAPI.dll
0x00007ffed8f10000 - 0x00007ffed8f1e000 	C:\WINDOWS\System32\winrnr.dll
0x00007ffedec30000 - 0x00007ffedec3a000 	C:\Windows\System32\rasadhlp.dll
0x00007ffedf7e0000 - 0x00007ffedf852000 	C:\WINDOWS\System32\fwpuclnt.dll

VM Arguments:
jvm_args: -Djava.security.manager=worker.org.gradle.process.internal.worker.child.BootstrapSecurityManager -Dorg.gradle.native=false -Dfile.encoding=windows-31j -Duser.country=JP -Duser.language=ja -Duser.variant -ea 
java_command: worker.org.gradle.process.internal.worker.GradleWorkerMain 'Gradle Test Executor 1'
java_class_path (initial): C:\Users\supertsuyoshi\.gradle\caches\4.8.1\workerMain\gradle-worker.jar
Launcher Type: SUN_STANDARD

Environment Variables:
JAVA_HOME=G:\pleiades\java\10
PATH=G:/pleiades/eclipse/jre/bin/../jre/bin/server;G:/pleiades/eclipse/jre/bin/../jre/bin;G:/pleiades/eclipse/jre/bin/../jre/lib/amd64;C:\Program Files (x86)\Common Files\Oracle\Java\javapath;C:\Program Files\Microsoft MPI\Bin\;C:\ProgramData\Anaconda3;C:\ProgramData\Anaconda3\Library\mingw-w64\bin;C:\ProgramData\Anaconda3\Library\usr\bin;C:\ProgramData\Anaconda3\Library\bin;C:\ProgramData\Anaconda3\Scripts;C:\WINDOWS;C:\WINDOWS\System32\Wbem;C:\WINDOWS\System32\WindowsPowerShell\v1.0\;C:\Program Files (x86)\NVIDIA Corporation\PhysX\Common;C:\WINDOWS\system32;C:\WINDOWS;C:\WINDOWS\System32\Wbem;C:\WINDOWS\System32\WindowsPowerShell\v1.0\;C:\Program Files (x86)\Skype\Phone\;C:\ProgramData\Oracle\Java\javapath;C:\WINDOWS\system32;C:\Python27;C:\Program Files\Microsoft SQL Server\130\Tools\Binn\;C:\Program Files\dotnet\;C:\ProgramData\chocolatey\bin;C:\Program Files\Git\cmd;C:\Program Files\nodejs\;C:\WINDOWS\System32\OpenSSH\;C:\Users\supertsuyoshi\cocos2d-x-3.14.1\templates;C:\Users\supertsuyoshi\cocos2d-x-3.14.1\tools\cocos2d-console\bin;C:\Users\supertsuyoshi\AppData\Local\Microsoft\WindowsApps;E:\AndroidStudio\sdk\platform-tools;C:\Users\supertsuyoshi\AppData\Local\.meteor;C:\Users\supertsuyoshi\AppData\Roaming\npm;;G:\pleiades\eclipse;
USERNAME=supertsuyoshi
OS=Windows_NT
PROCESSOR_IDENTIFIER=Intel64 Family 6 Model 60 Stepping 3, GenuineIntel



---------------  S Y S T E M  ---------------

OS: Windows 10.0 , 64 bit Build 17134 (10.0.17134.1)

CPU:total 4 (initial active 4) (4 cores per cpu, 1 threads per core) family 6 model 60 stepping 3, cmov, cx8, fxsr, mmx, sse, sse2, sse3, ssse3, sse4.1, sse4.2, popcnt, avx, avx2, aes, clmul, erms, lzcnt, tsc, tscinvbit, bmi1, bmi2

Memory: 4k page, physical 8322200k(898020k free), swap 10279064k(5188k free)

vm_info: Java HotSpot(TM) 64-Bit Server VM (25.172-b11) for windows-amd64 JRE (1.8.0_172-b11), built on Mar 28 2018 21:21:52 by "java_re" with MS VC++ 10.0 (VS2010)

time: Wed Aug 29 14:51:33 2018
elapsed time: 4 seconds (0d 0h 0m 4s)

