JvmtiExport can_access_local_variables 0
JvmtiExport can_hotswap_or_post_breakpoint 0
JvmtiExport can_post_on_exceptions 0
# 511 ciObject found
ciMethod java/lang/Object <init> ()V 16433 1 749233 0 0
ciMethod java/lang/Object getClass ()Ljava/lang/Class; 2049 1 256 0 -1
ciMethod java/lang/Object hashCode ()I 2049 1 256 0 -1
ciMethod java/lang/Object equals (Ljava/lang/Object;)Z 2057 1 16043 0 64
ciMethod java/lang/Object clone ()Ljava/lang/Object; 2049 1 256 0 -1
ciMethod java/lang/String equals (Ljava/lang/Object;)Z 4097 11657 7459 0 -1
ciMethod java/lang/String startsWith (Ljava/lang/String;I)Z 4097 1169 5916 0 256
ciMethod java/lang/String startsWith (Ljava/lang/String;)Z 4097 1 173347 0 224
ciMethod java/lang/reflect/AnnotatedElement getDeclaredAnnotations ()[Ljava/lang/annotation/Annotation; 0 0 1 0 -1
ciMethod java/lang/Class isAssignableFrom (Ljava/lang/Class;)Z 2057 1 257 0 -1
ciMethod java/lang/Class isInterface ()Z 4113 1 514 0 -1
ciMethod java/lang/Class isArray ()Z 2049 1 256 0 -1
ciMethod java/lang/Class getName ()Ljava/lang/String; 3153 1 135296 0 96
ciMethod java/lang/Class getName0 ()Ljava/lang/String; 2081 1 260 0 -1
ciMethod java/lang/Class getClassLoader0 ()Ljava/lang/ClassLoader; 1025 1 128 0 -1
ciMethod java/lang/Class getSuperclass ()Ljava/lang/Class; 3073 1 384 0 -1
ciMethod java/lang/Class getInterfaces ()[Ljava/lang/Class; 201 1 7244 0 1536
ciMethod java/lang/Class getInterfaces0 ()[Ljava/lang/Class; 2057 1 257 0 -1
ciMethod java/lang/Class getComponentType ()Ljava/lang/Class; 3089 1 386 0 -1
ciMethod java/lang/Class getMethods ()[Ljava/lang/reflect/Method; 713 1 1558 0 0
ciMethod java/lang/Class getDeclaredMethods ()[Ljava/lang/reflect/Method; 1137 1 1780 0 0
ciMethod java/lang/Class checkMemberAccess (ILjava/lang/Class;Z)V 3097 1 5532 0 96
ciMethod java/lang/Class checkPackageAccess (Ljava/lang/ClassLoader;Z)V 113 1 110 0 -1
ciMethod java/lang/Class reflectionData ()Ljava/lang/Class$ReflectionData; 2049 1 5394 0 1312
ciMethod java/lang/Class newReflectionData (Ljava/lang/ref/SoftReference;I)Ljava/lang/Class$ReflectionData; 785 1 752 0 0
ciMethod java/lang/Class privateGetDeclaredMethods (Z)[Ljava/lang/reflect/Method; 2073 1 8235 0 0
ciMethod java/lang/Class privateGetPublicMethods ()[Ljava/lang/reflect/Method; 1113 1937 2194 0 0
ciMethod java/lang/Class arrayContentsEq ([Ljava/lang/Object;[Ljava/lang/Object;)Z 1001 521 5277 0 192
ciMethod java/lang/Class copyMethods ([Ljava/lang/reflect/Method;)[Ljava/lang/reflect/Method; 1817 11257 2341 0 960
ciMethod java/lang/Class getDeclaredMethods0 (Z)[Ljava/lang/reflect/Method; 2057 1 257 0 -1
ciMethod java/lang/Class getReflectionFactory ()Lsun/reflect/ReflectionFactory; 1721 1 8711 0 -1
ciMethod java/lang/Class checkInitted ()V 3073 1 15155 0 0
ciMethod java/lang/Class getDeclaredAnnotations ()[Ljava/lang/annotation/Annotation; 3545 1 17306 0 4480
ciMethod java/lang/Class annotationData ()Ljava/lang/Class$AnnotationData; 17489 1 6041 0 -1
ciMethod java/lang/Class access$300 ([Ljava/lang/Object;[Ljava/lang/Object;)Z 9 1 169 0 0
ciMethod java/lang/ClassLoader getClassLoader (Ljava/lang/Class;)Ljava/lang/ClassLoader; 81 1 1778 0 -1
ciMethod java/lang/System getSecurityManager ()Ljava/lang/SecurityManager; 4097 1 60685 0 0
ciMethod java/lang/System arraycopy (Ljava/lang/Object;ILjava/lang/Object;II)V 32769 1 4096 0 -1
ciMethod java/lang/SecurityManager checkPermission (Ljava/security/Permission;)V 0 0 1 0 -1
ciMethod java/lang/ref/Reference get ()Ljava/lang/Object; 2057 1 257 0 -1
ciMethod java/lang/ref/Reference <init> (Ljava/lang/Object;)V 2057 1 26081 0 0
ciMethod java/lang/ref/Reference <init> (Ljava/lang/Object;Ljava/lang/ref/ReferenceQueue;)V 2057 1 32517 0 96
ciMethod java/lang/ref/SoftReference <init> (Ljava/lang/Object;)V 2745 1 6069 0 0
ciMethod java/lang/ref/SoftReference get ()Ljava/lang/Object; 2169 1 26641 0 96
ciMethod java/util/Map get (Ljava/lang/Object;)Ljava/lang/Object; 0 0 1 0 -1
ciMethod java/util/Map put (Ljava/lang/Object;Ljava/lang/Object;)Ljava/lang/Object; 0 0 1 0 -1
ciMethod java/util/Map values ()Ljava/util/Collection; 0 0 1 0 -1
ciMethod java/lang/reflect/AccessibleObject getAnnotations ()[Ljava/lang/annotation/Annotation; 2321 1 7288 0 -1
ciMethod java/lang/reflect/AccessibleObject getDeclaredAnnotations ()[Ljava/lang/annotation/Annotation; 0 0 1 0 -1
ciMethod java/lang/reflect/Member getName ()Ljava/lang/String; 0 0 1 0 -1
ciMethod java/lang/reflect/Method getDeclaringClass ()Ljava/lang/Class; 1233 1 154 0 0
ciMethod java/lang/reflect/Method getName ()Ljava/lang/String; 1529 1 191 0 0
ciMethod java/lang/reflect/Method getModifiers ()I 1985 1 248 0 0
ciMethod java/lang/reflect/Method getReturnType ()Ljava/lang/Class; 1049 1 131 0 0
ciMethod java/lang/reflect/Method getParameterTypes ()[Ljava/lang/Class; 2041 1 71265 0 256
ciMethod java/lang/reflect/Method getParameterCount ()I 1633 1 2790 0 -1
ciMethod java/lang/reflect/Method equals (Ljava/lang/Object;)Z 2057 1 14393 0 448
ciMethod java/lang/reflect/Method isBridge ()Z 2065 1 14146 0 -1
ciMethod java/lang/reflect/Method isDefault ()Z 2457 1 15619 0 0
ciMethod java/lang/reflect/Method getDeclaredAnnotations ()[Ljava/lang/annotation/Annotation; 3161 1 9132 0 0
ciMethod java/lang/reflect/Executable getAnnotationBytes ()[B 0 0 1 0 -1
ciMethod java/lang/reflect/Executable getRoot ()Ljava/lang/reflect/Executable; 0 0 1 0 -1
ciMethod java/lang/reflect/Executable equalParamTypes ([Ljava/lang/Class;[Ljava/lang/Class;)Z 9 1 696 0 0
ciMethod java/lang/reflect/Executable getDeclaringClass ()Ljava/lang/Class; 0 0 1 0 -1
ciMethod java/lang/reflect/Executable getDeclaredAnnotations ()[Ljava/lang/annotation/Annotation; 2177 1 9315 0 0
ciMethod java/lang/reflect/Executable declaredAnnotations ()Ljava/util/Map; 20617 1 5575 0 4480
ciMethod java/lang/annotation/Annotation annotationType ()Ljava/lang/Class; 0 0 1 0 -1
ciMethod sun/misc/Unsafe compareAndSwapObject (Ljava/lang/Object;JLjava/lang/Object;Ljava/lang/Object;)Z 2049 1 256 0 -1
ciMethod java/security/AccessController doPrivileged (Ljava/security/PrivilegedAction;)Ljava/lang/Object; 2049 1 256 0 -1
ciMethod java/util/Collection isEmpty ()Z 0 0 1 0 -1
ciMethod java/util/Collection toArray ([Ljava/lang/Object;)[Ljava/lang/Object; 0 0 1 0 -1
ciMethod java/util/List size ()I 0 0 1 0 -1
ciMethod java/util/List add (Ljava/lang/Object;)Z 0 0 1 0 -1
ciMethod java/util/List addAll (ILjava/util/Collection;)Z 0 0 1 0 -1
ciMethod java/util/List get (I)Ljava/lang/Object; 0 0 1 0 -1
ciMethod java/util/AbstractCollection <init> ()V 521 1 87144 0 0
ciMethod java/util/AbstractCollection iterator ()Ljava/util/Iterator; 0 0 1 0 -1
ciMethod java/util/AbstractCollection size ()I 0 0 1 0 -1
ciMethod java/util/AbstractCollection toArray ([Ljava/lang/Object;)[Ljava/lang/Object; 3121 13761 4763 0 736
ciMethod java/util/AbstractCollection finishToArray ([Ljava/lang/Object;Ljava/util/Iterator;)[Ljava/lang/Object; 0 0 1 0 -1
ciMethod sun/reflect/ReflectionFactory copyMethod (Ljava/lang/reflect/Method;)Ljava/lang/reflect/Method; 3089 1 27935 0 -1
ciMethod java/util/ArrayList <init> ()V 1193 1 13119 0 -1
ciMethod java/util/Collections emptySet ()Ljava/util/Set; 753 1 8574 0 0
ciMethod java/util/Collections$EmptySet isEmpty ()Z 1073 1 134 0 0
ciMethod java/util/Collections$EmptySet toArray ([Ljava/lang/Object;)[Ljava/lang/Object; 2049 1 5408 0 96
ciMethod java/util/Set size ()I 0 0 1 0 -1
ciMethod java/util/Set isEmpty ()Z 0 0 1 0 -1
ciMethod java/util/Set contains (Ljava/lang/Object;)Z 0 0 1 0 -1
ciMethod java/util/Set iterator ()Ljava/util/Iterator; 0 0 1 0 -1
ciMethod java/util/Set add (Ljava/lang/Object;)Z 0 0 1 0 -1
ciMethod java/util/AbstractSet <init> ()V 121 1 44539 0 -1
ciMethod java/util/Collections$EmptyMap values ()Ljava/util/Collection; 3177 1 5566 0 64
ciMethod sun/misc/SharedSecrets getJavaLangAccess ()Lsun/misc/JavaLangAccess; 2057 1 10812 0 -1
ciMethod sun/reflect/Reflection getCallerClass ()Ljava/lang/Class; 2049 1 256 0 -1
ciMethod sun/reflect/Reflection filterMethods (Ljava/lang/Class;[Ljava/lang/reflect/Method;)[Ljava/lang/reflect/Method; 513 1 964 0 0
ciMethod sun/reflect/Reflection filter ([Ljava/lang/reflect/Member;[Ljava/lang/String;)[Ljava/lang/reflect/Member; 833 1 1350 0 0
ciMethod java/util/HashMap hash (Ljava/lang/Object;)I 2049 1 87372 0 0
ciMethod java/util/HashMap <init> ()V 177 1 31543 0 -1
ciMethod java/util/HashMap isEmpty ()Z 2049 1 4823 0 -1
ciMethod java/util/HashMap getNode (ILjava/lang/Object;)Ljava/util/HashMap$Node; 1745 41 12636 0 480
ciMethod java/util/HashMap containsKey (Ljava/lang/Object;)Z 105 1 13992 0 640
ciMethod java/util/HashMap put (Ljava/lang/Object;Ljava/lang/Object;)Ljava/lang/Object; 1049 1 29641 0 -1
ciMethod java/util/HashMap keySet ()Ljava/util/Set; 2049 1 2225 0 -1
ciMethod java/lang/Math max (II)I 313 1 15191 0 -1
ciMethod java/lang/Class$3 <init> ()V 49 1 6 0 -1
ciMethod java/lang/Class$ReflectionData <init> (I)V 1809 1 752 0 0
ciMethod java/lang/Class$Atomic casReflectionData (Ljava/lang/Class;Ljava/lang/ref/SoftReference;Ljava/lang/ref/SoftReference;)Z 1809 1 752 0 0
ciMethod java/lang/reflect/Modifier isPrivate (I)Z 2049 1 4386 0 0
ciMethod java/lang/reflect/Modifier isStatic (I)Z 3089 1 12895 0 64
ciMethod java/lang/reflect/Modifier isAbstract (I)Z 2049 1 4600 0 0
ciMethod java/util/Arrays equals ([Ljava/lang/Object;[Ljava/lang/Object;)Z 3161 10553 5599 0 384
ciMethod java/util/Arrays copyOf ([Ljava/lang/Object;I)[Ljava/lang/Object; 3113 1 7372 0 0
ciMethod java/util/Arrays copyOf ([Ljava/lang/Object;ILjava/lang/Class;)[Ljava/lang/Object; 2065 1 6491 0 -1
ciMethodData java/lang/Object <init> ()V 2 749233 orig 264 152 130 234 98 0 0 0 0 128 4 113 23 0 0 0 0 32 1 0 0 0 0 0 0 0 0 0 0 0 0 0 0 0 0 0 0 0 0 0 0 0 0 0 0 0 0 0 0 0 0 0 0 0 0 0 0 0 0 0 0 0 0 0 0 0 0 0 0 0 0 0 0 0 0 0 0 0 0 0 0 77 68 79 32 101 120 116 114 97 32 100 97 116 97 32 108 111 99 107 0 0 0 0 0 0 0 0 0 0 0 0 0 0 0 0 0 0 0 0 0 0 0 0 0 0 0 0 0 0 0 0 0 0 0 0 0 0 0 0 0 0 0 0 0 0 0 0 0 0 0 0 0 0 0 0 0 0 0 0 0 0 0 0 0 0 0 0 0 0 0 0 0 0 0 0 0 0 0 0 0 0 0 0 0 1 0 0 0 0 0 0 0 1 0 0 0 0 0 0 0 1 0 0 0 0 0 0 0 0 0 0 0 0 0 0 0 0 2 0 0 89 53 91 0 1 0 0 0 0 0 0 0 0 0 0 0 2 0 0 0 0 0 3 0 1 0 0 0 0 0 0 0 255 255 255 255 0 0 0 0 0 0 0 0 data 0 oops 0
ciMethod java/util/Iterator hasNext ()Z 0 0 1 0 -1
ciMethod java/util/Iterator next ()Ljava/lang/Object; 0 0 1 0 -1
ciMethod java/util/LinkedHashMap values ()Ljava/util/Collection; 3113 1 5676 0 192
ciMethod sun/misc/JavaLangAccess getConstantPool (Ljava/lang/Class;)Lsun/reflect/ConstantPool; 0 0 1 0 -1
ciMethod java/lang/IllegalArgumentException <init> (Ljava/lang/String;)V 9 1 2 0 -1
ciMethod java/lang/reflect/Array newInstance (Ljava/lang/Class;I)Ljava/lang/Object; 1289 1 9887 0 288
ciMethod java/lang/reflect/Array newArray (Ljava/lang/Class;I)Ljava/lang/Object; 3089 1 386 0 -1
ciMethod java/util/concurrent/locks/ReentrantLock lock ()V 1841 1 2772 0 -1
ciMethod java/util/concurrent/locks/ReentrantLock unlock ()V 1857 1 2781 0 -1
ciMethod java/util/HashMap$TreeNode root ()Ljava/util/HashMap$TreeNode; 0 0 1 0 -1
ciMethod java/util/HashMap$TreeNode find (ILjava/lang/Object;Ljava/lang/Class;)Ljava/util/HashMap$TreeNode; 33 81 94 0 -1
ciMethod java/util/HashMap$TreeNode getTreeNode (ILjava/lang/Object;)Ljava/util/HashMap$TreeNode; 33 1 94 0 0
ciMethod java/util/HashSet <init> ()V 89 1 20701 0 192
ciMethod java/util/HashSet iterator ()Ljava/util/Iterator; 2049 1 5441 0 1344
ciMethod java/util/HashSet isEmpty ()Z 3113 1 4201 0 0
ciMethod java/util/HashSet contains (Ljava/lang/Object;)Z 2057 1 12452 0 1376
ciMethod java/util/HashSet add (Ljava/lang/Object;)Z 2073 1 7619 0 3552
ciMethod java/util/HashMap$HashIterator hasNext ()Z 2073 1 5396 0 64
ciMethod java/util/HashMap$HashIterator nextNode ()Ljava/util/HashMap$Node; 2089 4433 5533 0 -1
ciMethodData java/lang/String startsWith (Ljava/lang/String;I)Z 2 6683 orig 264 152 130 234 98 0 0 0 0 176 77 113 23 0 0 0 0 176 1 0 0 32 0 0 0 0 0 0 0 0 0 0 0 0 0 0 0 0 0 0 0 0 0 0 0 0 0 0 0 0 0 0 0 0 0 0 0 0 0 0 0 0 0 0 0 0 0 0 0 0 0 0 0 0 0 0 0 0 0 0 0 77 68 79 32 101 120 116 114 97 32 100 97 116 97 32 108 111 99 107 0 0 0 0 0 0 0 0 0 0 0 0 0 0 0 0 0 0 0 0 0 0 0 0 0 0 0 0 0 0 0 0 0 0 0 0 0 0 0 0 0 0 0 0 0 0 0 0 0 0 0 0 0 0 0 0 0 0 0 0 0 0 0 0 0 0 0 0 0 0 0 0 0 0 0 0 0 0 0 0 0 0 0 0 0 0 0 0 0 0 0 0 0 0 0 0 0 0 0 0 0 0 0 0 0 0 0 0 0 0 0 0 0 0 0 0 0 0 2 0 0 225 168 0 0 73 204 0 0 0 0 0 0 0 0 0 0 2 0 0 0 1 0 13 0 2 0 0 0 128 0 0 0 255 255 255 255 7 0 25 0 0 0 0 0 data 16 0x190007 0x7 0x40 0x1515 0x250007 0x149a 0x20 0x7b 0x2f0007 0x147 0x40 0x1aad 0x410007 0x75a 0xffffffffffffffe0 0x1353 oops 0
ciMethodData java/lang/String startsWith (Ljava/lang/String;)Z 2 173349 orig 264 152 130 234 98 0 0 0 0 72 78 113 23 0 0 0 0 128 1 0 0 0 0 0 0 0 0 0 0 0 0 0 0 0 0 0 0 0 0 0 0 0 0 0 0 0 0 0 0 0 0 0 0 0 0 0 0 0 0 0 0 0 0 0 0 0 0 0 0 0 0 0 0 0 0 0 0 0 0 0 0 77 68 79 32 101 120 116 114 97 32 100 97 116 97 32 108 111 99 107 0 0 0 0 0 0 0 0 0 0 0 0 0 0 0 0 0 0 0 0 0 0 0 0 0 0 0 0 0 0 0 0 0 0 0 0 0 0 0 0 0 0 0 0 0 0 0 0 0 0 0 0 0 0 0 0 0 0 0 0 0 0 0 0 0 0 0 0 0 0 0 0 0 0 0 0 0 0 0 0 0 0 0 0 0 0 0 0 0 0 0 0 0 0 0 0 0 0 0 0 0 0 0 0 0 0 0 0 0 0 0 0 0 0 0 0 0 0 2 0 0 41 25 21 0 1 0 0 0 0 0 0 0 0 0 0 0 2 0 0 0 0 0 3 0 2 0 0 0 48 0 0 0 255 255 255 255 5 0 3 0 0 0 0 0 data 6 0x30005 0x80 0x3459f60 0x2a2a5 0x0 0x0 oops 1